[rank 1] sent dummy result
[rank 1] waiting for either a new task or completion
[rank 1] computing row 0
Assigning row 0 to rank 1
[rank 1] is sending back to master node
Assigning row 3 to rank 1
[rank 1] waiting for either a new task or completion
[rank 1] computing row 3
[rank 1] is sending back to master node
Assigning row 6 to rank 1
[rank 1] waiting for either a new task or completion
[rank 1] computing row 6
[rank 1] is sending back to master node
Assigning row 9 to rank 1
[rank 1] waiting for either a new task or completion
[rank 1] computing row 9
[rank 1] is sending back to master node
[rank 1] waiting for either a new task or completion
[rank 1] computing row 12
Assigning row 12 to rank 1
[rank 1] is sending back to master node
[rank 1] waiting for either a new task or completion
[rank 1] computing row 15
Assigning row 15 to rank 1
[rank 1] is sending back to master node
Assigning row 18 to rank 1
[rank 1] waiting for either a new task or completion
[rank 1] computing row 18
[rank 1] is sending back to master node
Assigning row 21 to rank 1
[rank 1] waiting for either a new task or completion
[rank 1] computing row 21
[rank 1] is sending back to master node
[rank 1] waiting for either a new task or completion
[rank 1] computing row 24
Assigning row 24 to rank 1
[rank 1] is sending back to master node
Assigning row 27 to rank 1
[rank 1] waiting for either a new task or completion
[rank 1] computing row 27
[rank 1] is sending back to master node
Assigning row 30 to rank 1
[rank 1] waiting for either a new task or completion
[rank 1] computing row 30
[rank 1] is sending back to master node
Assigning row 33 to rank 1
[rank 1] waiting for either a new task or completion
[rank 1] computing row 33
[rank 1] is sending back to master node
Assigning row 36 to rank 1
[rank 1] waiting for either a new task or completion
[rank 1] computing row 36
[rank 1] is sending back to master node
Assigning row 39 to rank 1
[rank 1] waiting for either a new task or completion
[rank 1] computing row 39
[rank 1] is sending back to master node
Assigning row 42 to rank 1
[rank 1] waiting for either a new task or completion
[rank 1] computing row 42
[rank 1] is sending back to master node
[rank 1] waiting for either a new task or completion
[rank 1] computing row 44
Assigning row 44 to rank 1
[rank 1] is sending back to master node
[rank 1] waiting for either a new task or completion
[rank 1] computing row 47
Assigning row 47 to rank 1
[rank 1] is sending back to master node
Assigning row 50 to rank 1
[rank 1] waiting for either a new task or completion
[rank 1] computing row 50
[rank 1] is sending back to master node
[rank 1] waiting for either a new task or completion
[rank 1] computing row 53
Assigning row 53 to rank 1
[rank 1] is sending back to master node
Assigning row 56 to rank 1
[rank 1] waiting for either a new task or completion
[rank 1] computing row 56
[rank 1] is sending back to master node
Assigning row 59 to rank 1
[rank 1] waiting for either a new task or completion
[rank 1] computing row 59
[rank 1] is sending back to master node
[rank 1] waiting for either a new task or completion
[rank 1] computing row 62
Assigning row 62 to rank 1
[rank 1] is sending back to master node
[rank 1] waiting for either a new task or completion
[rank 1] computing row 65
Assigning row 65 to rank 1
[rank 1] is sending back to master node
[rank 1] waiting for either a new task or completion
[rank 1] computing row 68
Assigning row 68 to rank 1
[rank 1] is sending back to master node
Assigning row 71 to rank 1
[rank 1] waiting for either a new task or completion
[rank 1] computing row 71
[rank 1] is sending back to master node
Assigning row 74 to rank 1
[rank 1] waiting for either a new task or completion
[rank 1] computing row 74
[rank 1] is sending back to master node
Assigning row 77 to rank 1
[rank 1] waiting for either a new task or completion
[rank 1] computing row 77
[rank 1] is sending back to master node
Assigning row 80 to rank 1
[rank 1] waiting for either a new task or completion
[rank 1] computing row 80
[rank 1] is sending back to master node
Assigning row 83 to rank 1
[rank 1] waiting for either a new task or completion
[rank 1] computing row 83
[rank 1] is sending back to master node
Assigning row 86 to rank 1
[rank 1] waiting for either a new task or completion
[rank 1] computing row 86
[rank 1] is sending back to master node
[rank 1] waiting for either a new task or completion
[rank 1] computing row 89
Assigning row 89 to rank 1
[rank 1] is sending back to master node
Assigning row 92 to rank 1
[rank 1] waiting for either a new task or completion
[rank 1] computing row 92
[rank 1] is sending back to master node
Assigning row 95 to rank 1
[rank 1] waiting for either a new task or completion
[rank 1] computing row 95
[rank 1] is sending back to master node
Assigning row 98 to rank 1
[rank 1] waiting for either a new task or completion
[rank 1] computing row 98
[rank 1] is sending back to master node
Assigning row 101 to rank 1
[rank 1] waiting for either a new task or completion
[rank 1] computing row 101
[rank 1] is sending back to master node
[rank 1] waiting for either a new task or completion
[rank 1] computing row 104
Assigning row 104 to rank 1
[rank 1] is sending back to master node
Assigning row 107 to rank 1
[rank 1] waiting for either a new task or completion
[rank 1] computing row 107
[rank 1] is sending back to master node
[rank 1] waiting for either a new task or completion
[rank 1] computing row 110
Assigning row 110 to rank 1
[rank 1] is sending back to master node
Assigning row 113 to rank 1
[rank 1] waiting for either a new task or completion
[rank 1] computing row 113
[rank 1] is sending back to master node
Assigning row 116 to rank 1
[rank 1] waiting for either a new task or completion
[rank 1] computing row 116
[rank 1] is sending back to master node
Assigning row 119 to rank 1
[rank 1] waiting for either a new task or completion
[rank 1] computing row 119
[rank 1] is sending back to master node
Assigning row 122 to rank 1
[rank 1] waiting for either a new task or completion
[rank 1] computing row 122
[rank 1] is sending back to master node
Assigning row 125 to rank 1
[rank 1] waiting for either a new task or completion
[rank 1] computing row 125
[rank 1] is sending back to master node
[rank 1] waiting for either a new task or completion
[rank 1] computing row 128
Assigning row 128 to rank 1
[rank 1] is sending back to master node
Assigning row 131 to rank 1
[rank 1] waiting for either a new task or completion
[rank 1] computing row 131
[rank 1] is sending back to master node
Assigning row 134 to rank 1
[rank 1] waiting for either a new task or completion
[rank 1] computing row 134
[rank 1] is sending back to master node
Assigning row 137 to rank 1
[rank 1] waiting for either a new task or completion
[rank 1] computing row 137
[rank 1] is sending back to master node
Assigning row 140 to rank 1
[rank 1] waiting for either a new task or completion
[rank 1] computing row 140
[rank 1] is sending back to master node
Assigning row 143 to rank 1
[rank 1] waiting for either a new task or completion
[rank 1] computing row 143
[rank 1] is sending back to master node
Assigning row 146 to rank 1
[rank 1] waiting for either a new task or completion
[rank 1] computing row 146
[rank 1] is sending back to master node
[rank 1] waiting for either a new task or completion
[rank 1] computing row 149
Assigning row 149 to rank 1
[rank 1] is sending back to master node
Assigning row 152 to rank 1
[rank 1] waiting for either a new task or completion
[rank 1] computing row 152
[rank 1] is sending back to master node
Assigning row 155 to rank 1
[rank 1] waiting for either a new task or completion
[rank 1] computing row 155
[rank 1] is sending back to master node
Assigning row 158 to rank 1
[rank 1] waiting for either a new task or completion
[rank 1] computing row 158
[rank 1] is sending back to master node
Assigning row 160 to rank 1
[rank 1] waiting for either a new task or completion
[rank 1] computing row 160
[rank 1] is sending back to master node
Assigning row 177 to rank 1
[rank 1] waiting for either a new task or completion
[rank 1] computing row 177
[rank 1] is sending back to master node
Assigning row 180 to rank 1
[rank 1] waiting for either a new task or completion
[rank 1] computing row 180
[rank 1] is sending back to master node
Assigning row 183 to rank 1
[rank 1] waiting for either a new task or completion
[rank 1] computing row 183
[rank 1] is sending back to master node
[rank 1] waiting for either a new task or completion
[rank 1] computing row 186
Assigning row 186 to rank 1
[rank 1] is sending back to master node
Assigning row 189 to rank 1
[rank 1] waiting for either a new task or completion
[rank 1] computing row 189
[rank 1] is sending back to master node
[rank 1] waiting for either a new task or completion
[rank 1] computing row 192
Assigning row 192 to rank 1
[rank 1] is sending back to master node
Assigning row 195 to rank 1
[rank 1] waiting for either a new task or completion
[rank 1] computing row 195
[rank 1] is sending back to master node
Assigning row 198 to rank 1
[rank 1] waiting for either a new task or completion
[rank 1] computing row 198
[rank 1] is sending back to master node
[rank 1] waiting for either a new task or completion
[rank 1] computing row 201
Assigning row 201 to rank 1
[rank 1] is sending back to master node
Assigning row 204 to rank 1
[rank 1] waiting for either a new task or completion
[rank 1] computing row 204
Assigning row 206 to rank 1
[rank 1] is sending back to master node
[rank 1] waiting for either a new task or completion
[rank 1] computing row 206
[rank 1] is sending back to master node
[rank 1] waiting for either a new task or completion
[rank 1] computing row 209
Assigning row 209 to rank 1
[rank 1] is sending back to master node
Assigning row 212 to rank 1
[rank 1] waiting for either a new task or completion
[rank 1] computing row 212
[rank 1] is sending back to master node
Assigning row 214 to rank 1
[rank 1] waiting for either a new task or completion
[rank 1] computing row 214
[rank 1] is sending back to master node
Assigning row 216 to rank 1
[rank 1] waiting for either a new task or completion
[rank 1] computing row 216
[rank 1] is sending back to master node
Assigning row 219 to rank 1
[rank 1] waiting for either a new task or completion
[rank 1] computing row 219
[rank 1] is sending back to master node
[rank 1] waiting for either a new task or completion
[rank 1] computing row 221
Assigning row 221 to rank 1
[rank 1] is sending back to master node
[rank 1] waiting for either a new task or completion
[rank 1] computing row 223
Assigning row 223 to rank 1
[rank 1] is sending back to master node
Assigning row 226 to rank 1
[rank 1] waiting for either a new task or completion
[rank 1] computing row 226
[rank 1] is sending back to master node
Assigning row 228 to rank 1
[rank 1] waiting for either a new task or completion
[rank 1] computing row 228
[rank 1] is sending back to master node
[rank 1] waiting for either a new task or completion
[rank 1] computing row 230
Assigning row 230 to rank 1
[rank 1] is sending back to master node
Assigning row 233 to rank 1
[rank 1] waiting for either a new task or completion
[rank 1] computing row 233
[rank 1] is sending back to master node
[rank 1] waiting for either a new task or completion
[rank 1] computing row 235
Assigning row 235 to rank 1
[rank 1] is sending back to master node
Assigning row 237 to rank 1
[rank 1] waiting for either a new task or completion
[rank 1] computing row 237
[rank 1] is sending back to master node
Assigning row 239 to rank 1
[rank 1] waiting for either a new task or completion
[rank 1] computing row 239
[rank 1] is sending back to master node
Assigning row 241 to rank 1
[rank 1] waiting for either a new task or completion
[rank 1] computing row 241
[rank 1] is sending back to master node
Assigning row 244 to rank 1
[rank 1] waiting for either a new task or completion
[rank 1] computing row 244
[rank 1] is sending back to master node
Assigning row 246 to rank 1
[rank 1] waiting for either a new task or completion
[rank 1] computing row 246
[rank 1] is sending back to master node
Assigning row 249 to rank 1
[rank 1] waiting for either a new task or completion
[rank 1] computing row 249
[rank 1] is sending back to master node
[rank 1] waiting for either a new task or completion
[rank 1] computing row 252
Assigning row 252 to rank 1
[rank 1] is sending back to master node
Assigning row 254 to rank 1
[rank 1] waiting for either a new task or completion
[rank 1] computing row 254
[rank 1] is sending back to master node
Assigning row 256 to rank 1
[rank 1] waiting for either a new task or completion
[rank 1] computing row 256
[rank 1] is sending back to master node
[rank 1] waiting for either a new task or completion
[rank 1] computing row 258
Assigning row 258 to rank 1
[rank 1] is sending back to master node
[rank 1] waiting for either a new task or completion
[rank 1] computing row 261
Assigning row 261 to rank 1
[rank 1] is sending back to master node
Assigning row 264 to rank 1
[rank 1] waiting for either a new task or completion
[rank 1] computing row 264
[rank 1] is sending back to master node
Assigning row 266 to rank 1
[rank 1] waiting for either a new task or completion
[rank 1] computing row 266
[rank 1] is sending back to master node
[rank 1] waiting for either a new task or completion
[rank 1] computing row 268
Assigning row 268 to rank 1
[rank 1] is sending back to master node
Assigning row 271 to rank 1
[rank 1] waiting for either a new task or completion
[rank 1] computing row 271
[rank 1] is sending back to master node
[rank 1] waiting for either a new task or completion
[rank 1] computing row 273
Assigning row 273 to rank 1
[rank 1] is sending back to master node
[rank 1] waiting for either a new task or completion
[rank 1] computing row 275
Assigning row 275 to rank 1
[rank 1] is sending back to master node
[rank 1] waiting for either a new task or completion
[rank 1] computing row 278
Assigning row 278 to rank 1
[rank 1] is sending back to master node
Assigning row 281 to rank 1
[rank 1] waiting for either a new task or completion
[rank 1] computing row 281
[rank 1] is sending back to master node
Assigning row 284 to rank 1
[rank 1] waiting for either a new task or completion
[rank 1] computing row 284
[rank 1] is sending back to master node
Assigning row 287 to rank 1
[rank 1] waiting for either a new task or completion
[rank 1] computing row 287
[rank 1] is sending back to master node
Assigning row 290 to rank 1
[rank 1] waiting for either a new task or completion
[rank 1] computing row 290
[rank 1] is sending back to master node
[rank 1] waiting for either a new task or completion
[rank 1] computing row 293
Assigning row 293 to rank 1
[rank 1] is sending back to master node
[rank 1] waiting for either a new task or completion
[rank 1] computing row 295
Assigning row 295 to rank 1
[rank 1] is sending back to master node
Assigning row 297 to rank 1
[rank 1] waiting for either a new task or completion
[rank 1] computing row 297
[rank 1] is sending back to master node
[rank 1] waiting for either a new task or completion
[rank 1] computing row 299
Assigning row 299 to rank 1
[rank 1] is sending back to master node
[rank 1] waiting for either a new task or completion
[rank 1] computing row 301
Assigning row 301 to rank 1
[rank 1] is sending back to master node
[rank 1] waiting for either a new task or completion
[rank 1] computing row 303
Assigning row 303 to rank 1
[rank 1] is sending back to master node
Assigning row 305 to rank 1
[rank 1] waiting for either a new task or completion
[rank 1] computing row 305
[rank 1] is sending back to master node
Assigning row 307 to rank 1
[rank 1] waiting for either a new task or completion
[rank 1] computing row 307
[rank 1] is sending back to master node
[rank 1] waiting for either a new task or completion
[rank 1] computing row 309
Assigning row 309 to rank 1
[rank 1] is sending back to master node
Assigning row 311 to rank 1
[rank 1] waiting for either a new task or completion
[rank 1] computing row 311
[rank 1] is sending back to master node
[rank 1] waiting for either a new task or completion
[rank 1] computing row 313
Assigning row 313 to rank 1
[rank 1] is sending back to master node
Assigning row 315 to rank 1
[rank 1] waiting for either a new task or completion
[rank 1] computing row 315
[rank 1] is sending back to master node
Assigning row 317 to rank 1
[rank 1] waiting for either a new task or completion
[rank 1] computing row 317
[rank 1] is sending back to master node
[rank 1] waiting for either a new task or completion
[rank 1] computing row 319
Assigning row 319 to rank 1
[rank 1] is sending back to master node
[rank 1] waiting for either a new task or completion
[rank 1] computing row 321
Assigning row 321 to rank 1
[rank 1] is sending back to master node
Assigning row 323 to rank 1
[rank 1] waiting for either a new task or completion
[rank 1] computing row 323
[rank 1] is sending back to master node
Assigning row 325 to rank 1
[rank 1] waiting for either a new task or completion
[rank 1] computing row 325
[rank 1] is sending back to master node
Assigning row 327 to rank 1
[rank 1] waiting for either a new task or completion
[rank 1] computing row 327
[rank 1] is sending back to master node
Assigning row 329 to rank 1
[rank 1] waiting for either a new task or completion
[rank 1] computing row 329
[rank 1] is sending back to master node
Assigning row 331 to rank 1
[rank 1] waiting for either a new task or completion
[rank 1] computing row 331
[rank 1] is sending back to master node
Assigning row 334 to rank 1
[rank 1] waiting for either a new task or completion
[rank 1] computing row 334
[rank 1] is sending back to master node
Assigning row 337 to rank 1
[rank 1] waiting for either a new task or completion
[rank 1] computing row 337
[rank 1] is sending back to master node
Assigning row 339 to rank 1
[rank 1] waiting for either a new task or completion
[rank 1] computing row 339
[rank 1] is sending back to master node
[rank 1] waiting for either a new task or completion
[rank 1] computing row 341
Assigning row 341 to rank 1
[rank 1] is sending back to master node
Assigning row 343 to rank 1
[rank 1] waiting for either a new task or completion
[rank 1] computing row 343
[rank 1] is sending back to master node
[rank 1] waiting for either a new task or completion
[rank 1] computing row 346
Assigning row 346 to rank 1
[rank 1] is sending back to master node
Assigning row 349 to rank 1
[rank 1] waiting for either a new task or completion
[rank 1] computing row 349
[rank 1] is sending back to master node
[rank 1] waiting for either a new task or completion
[rank 1] computing row 351
Assigning row 351 to rank 1
[rank 1] is sending back to master node
Assigning row 353 to rank 1
[rank 1] waiting for either a new task or completion
[rank 1] computing row 353
[rank 1] is sending back to master node
Assigning row 356 to rank 1
[rank 1] waiting for either a new task or completion
[rank 1] computing row 356
[rank 1] is sending back to master node
[rank 1] waiting for either a new task or completion
[rank 1] computing row 358
Assigning row 358 to rank 1
[rank 1] is sending back to master node
Assigning row 360 to rank 1
[rank 1] waiting for either a new task or completion
[rank 1] computing row 360
[rank 1] is sending back to master node
Assigning row 362 to rank 1
[rank 1] waiting for either a new task or completion
[rank 1] computing row 362
[rank 1] is sending back to master node
Assigning row 364 to rank 1
[rank 1] waiting for either a new task or completion
[rank 1] computing row 364
[rank 1] is sending back to master node
[rank 1] waiting for either a new task or completion
[rank 1] computing row 367
Assigning row 367 to rank 1
[rank 1] is sending back to master node
Assigning row 369 to rank 1
[rank 1] waiting for either a new task or completion
[rank 1] computing row 369
[rank 1] is sending back to master node
Assigning row 371 to rank 1
[rank 1] waiting for either a new task or completion
[rank 1] computing row 371
[rank 1] is sending back to master node
[rank 1] waiting for either a new task or completion
[rank 1] computing row 374
Assigning row 374 to rank 1
[rank 1] is sending back to master node
[rank 1] waiting for either a new task or completion
[rank 1] computing row 377
Assigning row 377 to rank 1
[rank 1] is sending back to master node
Assigning row 379 to rank 1
[rank 1] waiting for either a new task or completion
[rank 1] computing row 379
[rank 1] is sending back to master node
Assigning row 381 to rank 1
[rank 1] waiting for either a new task or completion
[rank 1] computing row 381
[rank 1] is sending back to master node
Assigning row 383 to rank 1
[rank 1] waiting for either a new task or completion
[rank 1] computing row 383
[rank 1] is sending back to master node
Assigning row 386 to rank 1
[rank 1] waiting for either a new task or completion
[rank 1] computing row 386
[rank 1] is sending back to master node
Assigning row 388 to rank 1
[rank 1] waiting for either a new task or completion
[rank 1] computing row 388
[rank 1] is sending back to master node
Assigning row 391 to rank 1
[rank 1] waiting for either a new task or completion
[rank 1] computing row 391
[rank 1] is sending back to master node
Assigning row 393 to rank 1
[rank 1] waiting for either a new task or completion
[rank 1] computing row 393
[rank 1] is sending back to master node
Assigning row 395 to rank 1
[rank 1] waiting for either a new task or completion
[rank 1] computing row 395
[rank 1] is sending back to master node
Assigning row 397 to rank 1
[rank 1] waiting for either a new task or completion
[rank 1] computing row 397
[rank 1] is sending back to master node
Assigning row 400 to rank 1
[rank 1] waiting for either a new task or completion
[rank 1] computing row 400
[rank 1] is sending back to master node
Assigning row 403 to rank 1
[rank 1] waiting for either a new task or completion
[rank 1] computing row 403
[rank 1] is sending back to master node
Assigning row 406 to rank 1
[rank 1] waiting for either a new task or completion
[rank 1] computing row 406
[rank 1] is sending back to master node
[rank 1] waiting for either a new task or completion
[rank 1] computing row 409
Assigning row 409 to rank 1
[rank 1] is sending back to master node
Assigning row 411 to rank 1
[rank 1] waiting for either a new task or completion
[rank 1] computing row 411
[rank 1] is sending back to master node
[rank 1] waiting for either a new task or completion
[rank 1] computing row 413
Assigning row 413 to rank 1
[rank 1] is sending back to master node
[rank 1] waiting for either a new task or completion
[rank 1] computing row 415
Assigning row 415 to rank 1
[rank 1] is sending back to master node
Assigning row 417 to rank 1
[rank 1] waiting for either a new task or completion
[rank 1] computing row 417
[rank 1] is sending back to master node
Assigning row 419 to rank 1
[rank 1] waiting for either a new task or completion
[rank 1] computing row 419
[rank 1] is sending back to master node
Assigning row 421 to rank 1
[rank 1] waiting for either a new task or completion
[rank 1] computing row 421
[rank 1] is sending back to master node
[rank 1] waiting for either a new task or completion
[rank 1] computing row 423
Assigning row 423 to rank 1
[rank 1] is sending back to master node
[rank 1] waiting for either a new task or completion
[rank 1] computing row 426
Assigning row 426 to rank 1
[rank 1] is sending back to master node
Assigning row 428 to rank 1
[rank 1] waiting for either a new task or completion
[rank 1] computing row 428
[rank 1] is sending back to master node
Assigning row 430 to rank 1
[rank 1] waiting for either a new task or completion
[rank 1] computing row 430
[rank 1] is sending back to master node
Assigning row 432 to rank 1
[rank 1] waiting for either a new task or completion
[rank 1] computing row 432
[rank 1] is sending back to master node
Assigning row 434 to rank 1
[rank 1] waiting for either a new task or completion
[rank 1] computing row 434
[rank 1] is sending back to master node
Assigning row 436 to rank 1
[rank 1] waiting for either a new task or completion
[rank 1] computing row 436
[rank 1] is sending back to master node
Assigning row 438 to rank 1
[rank 1] waiting for either a new task or completion
[rank 1] computing row 438
[rank 1] is sending back to master node
Assigning row 441 to rank 1
[rank 1] waiting for either a new task or completion
[rank 1] computing row 441
[rank 1] is sending back to master node
[rank 1] waiting for either a new task or completion
[rank 1] computing row 443
Assigning row 443 to rank 1
[rank 1] is sending back to master node
[rank 1] waiting for either a new task or completion
[rank 1] computing row 445
Assigning row 445 to rank 1
[rank 1] is sending back to master node
[rank 1] waiting for either a new task or completion
[rank 1] computing row 447
Assigning row 447 to rank 1
[rank 1] is sending back to master node
Assigning row 449 to rank 1
[rank 1] waiting for either a new task or completion
[rank 1] computing row 449
[rank 1] is sending back to master node
[rank 1] waiting for either a new task or completion
[rank 1] computing row 451
Assigning row 451 to rank 1
[rank 1] is sending back to master node
Assigning row 453 to rank 1
[rank 1] waiting for either a new task or completion
[rank 1] computing row 453
[rank 1] is sending back to master node
[rank 1] waiting for either a new task or completion
[rank 1] computing row 456
Assigning row 456 to rank 1
[rank 1] is sending back to master node
Assigning row 458 to rank 1
[rank 1] waiting for either a new task or completion
[rank 1] computing row 458
[rank 1] is sending back to master node
Assigning row 460 to rank 1
[rank 1] waiting for either a new task or completion
[rank 1] computing row 460
[rank 1] is sending back to master node
Assigning row 462 to rank 1
[rank 1] waiting for either a new task or completion
[rank 1] computing row 462
[rank 1] is sending back to master node
Assigning row 464 to rank 1
[rank 1] waiting for either a new task or completion
[rank 1] computing row 464
[rank 1] is sending back to master node
Assigning row 467 to rank 1
[rank 1] waiting for either a new task or completion
[rank 1] computing row 467
[rank 1] is sending back to master node
Assigning row 470 to rank 1
[rank 1] waiting for either a new task or completion
[rank 1] computing row 470
[rank 1] is sending back to master node
[rank 1] waiting for either a new task or completion
[rank 1] computing row 472
Assigning row 472 to rank 1
[rank 1] is sending back to master node
Assigning row 475 to rank 1
[rank 1] waiting for either a new task or completion
[rank 1] computing row 475
[rank 1] is sending back to master node
Assigning row 478 to rank 1
[rank 1] waiting for either a new task or completion
[rank 1] computing row 478
[rank 1] is sending back to master node
Assigning row 480 to rank 1
[rank 1] waiting for either a new task or completion
[rank 1] computing row 480
[rank 1] is sending back to master node
Assigning row 483 to rank 1
[rank 1] waiting for either a new task or completion
[rank 1] computing row 483
[rank 1] is sending back to master node
Assigning row 485 to rank 1
[rank 1] waiting for either a new task or completion
[rank 1] computing row 485
[rank 1] is sending back to master node
Assigning row 488 to rank 1
[rank 1] waiting for either a new task or completion
[rank 1] computing row 488
[rank 1] is sending back to master node
[rank 1] waiting for either a new task or completion
[rank 1] computing row 490
Assigning row 490 to rank 1
[rank 1] is sending back to master node
Assigning row 492 to rank 1
[rank 1] waiting for either a new task or completion
[rank 1] computing row 492
[rank 1] is sending back to master node
Assigning row 494 to rank 1
[rank 1] waiting for either a new task or completion
[rank 1] computing row 494
[rank 1] is sending back to master node
Assigning row 496 to rank 1
[rank 1] waiting for either a new task or completion
[rank 1] computing row 496
[rank 1] is sending back to master node
Assigning row 499 to rank 1
[rank 1] waiting for either a new task or completion
[rank 1] computing row 499
[rank 1] is sending back to master node
[rank 1] waiting for either a new task or completion
[rank 1] computing row 501
Assigning row 501 to rank 1
[rank 1] is sending back to master node
[rank 1] waiting for either a new task or completion
[rank 1] computing row 503
Assigning row 503 to rank 1
[rank 1] is sending back to master node
Assigning row 505 to rank 1
[rank 1] waiting for either a new task or completion
[rank 1] computing row 505
[rank 1] is sending back to master node
[rank 1] waiting for either a new task or completion
[rank 1] computing row 508
Assigning row 508 to rank 1
[rank 1] is sending back to master node
Assigning row 511 to rank 1
[rank 1] waiting for either a new task or completion
[rank 1] computing row 511
[rank 1] is sending back to master node
[rank 1] waiting for either a new task or completion
[rank 1] computing row 513
Assigning row 513 to rank 1
[rank 1] is sending back to master node
[rank 1] waiting for either a new task or completion
[rank 1] computing row 515
Assigning row 515 to rank 1
[rank 1] is sending back to master node
[rank 1] waiting for either a new task or completion
[rank 1] computing row 517
Assigning row 517 to rank 1
[rank 1] is sending back to master node
Assigning row 520 to rank 1
[rank 1] waiting for either a new task or completion
[rank 1] computing row 520
[rank 1] is sending back to master node
Assigning row 523 to rank 1
[rank 1] waiting for either a new task or completion
[rank 1] computing row 523
[rank 1] is sending back to master node
Assigning row 526 to rank 1
[rank 1] waiting for either a new task or completion
[rank 1] computing row 526
[rank 1] is sending back to master node
Assigning row 529 to rank 1
[rank 1] waiting for either a new task or completion
[rank 1] computing row 529
[rank 1] is sending back to master node
Assigning row 531 to rank 1
[rank 1] waiting for either a new task or completion
[rank 1] computing row 531
[rank 1] is sending back to master node
Assigning row 534 to rank 1
[rank 1] waiting for either a new task or completion
[rank 1] computing row 534
[rank 1] is sending back to master node
Assigning row 537 to rank 1
[rank 1] waiting for either a new task or completion
[rank 1] computing row 537
[rank 1] is sending back to master node
Assigning row 539 to rank 1
[rank 1] waiting for either a new task or completion
[rank 1] computing row 539
[rank 1] is sending back to master node
Assigning row 542 to rank 1
[rank 1] waiting for either a new task or completion
[rank 1] computing row 542
[rank 1] is sending back to master node
[rank 1] waiting for either a new task or completion
[rank 1] computing row 544
Assigning row 544 to rank 1
[rank 1] is sending back to master node
[rank 1] waiting for either a new task or completion
[rank 1] computing row 547
Assigning row 547 to rank 1
[rank 1] is sending back to master node
Assigning row 549 to rank 1
[rank 1] waiting for either a new task or completion
[rank 1] computing row 549
[rank 1] is sending back to master node
Assigning row 551 to rank 1
[rank 1] waiting for either a new task or completion
[rank 1] computing row 551
[rank 1] is sending back to master node
Assigning row 553 to rank 1
[rank 1] waiting for either a new task or completion
[rank 1] computing row 553
[rank 1] is sending back to master node
[rank 1] waiting for either a new task or completion
[rank 1] computing row 556
Assigning row 556 to rank 1
[rank 1] is sending back to master node
Assigning row 558 to rank 1
[rank 1] waiting for either a new task or completion
[rank 1] computing row 558
[rank 1] is sending back to master node
Assigning row 561 to rank 1
[rank 1] waiting for either a new task or completion
[rank 1] computing row 561
[rank 1] is sending back to master node
[rank 1] waiting for either a new task or completion
[rank 1] computing row 563
Assigning row 563 to rank 1
[rank 1] is sending back to master node
Assigning row 565 to rank 1
[rank 1] waiting for either a new task or completion
[rank 1] computing row 565
[rank 1] is sending back to master node
Assigning row 568 to rank 1
[rank 1] waiting for either a new task or completion
[rank 1] computing row 568
[rank 1] is sending back to master node
Assigning row 571 to rank 1
[rank 1] waiting for either a new task or completion
[rank 1] computing row 571
[rank 1] is sending back to master node
Assigning row 574 to rank 1
[rank 1] waiting for either a new task or completion
[rank 1] computing row 574
[rank 1] is sending back to master node
Assigning row 576 to rank 1
[rank 1] waiting for either a new task or completion
[rank 1] computing row 576
[rank 1] is sending back to master node
Assigning row 579 to rank 1
[rank 1] waiting for either a new task or completion
[rank 1] computing row 579
[rank 1] is sending back to master node
Assigning row 582 to rank 1
[rank 1] waiting for either a new task or completion
[rank 1] computing row 582
[rank 1] is sending back to master node
[rank 1] waiting for either a new task or completion
[rank 1] computing row 584
Assigning row 584 to rank 1
[rank 1] is sending back to master node
Assigning row 587 to rank 1
[rank 1] waiting for either a new task or completion
[rank 1] computing row 587
[rank 1] is sending back to master node
Assigning row 589 to rank 1
[rank 1] waiting for either a new task or completion
[rank 1] computing row 589
[rank 1] is sending back to master node
Assigning row 592 to rank 1
[rank 1] waiting for either a new task or completion
[rank 1] computing row 592
[rank 1] is sending back to master node
Assigning row 595 to rank 1
[rank 1] waiting for either a new task or completion
[rank 1] computing row 595
[rank 1] is sending back to master node
[rank 1] waiting for either a new task or completion
[rank 1] computing row 598
Assigning row 598 to rank 1
[rank 1] is sending back to master node
Assigning row 601 to rank 1
[rank 1] waiting for either a new task or completion
[rank 1] computing row 601
[rank 1] is sending back to master node
Assigning row 604 to rank 1
[rank 1] waiting for either a new task or completion
[rank 1] computing row 604
[rank 1] is sending back to master node
[rank 1] waiting for either a new task or completion
[rank 1] computing row 607
Assigning row 607 to rank 1
[rank 1] is sending back to master node
[rank 1] waiting for either a new task or completion
[rank 1] computing row 610
Assigning row 610 to rank 1
[rank 1] is sending back to master node
Assigning row 612 to rank 1
[rank 1] waiting for either a new task or completion
[rank 1] computing row 612
[rank 1] is sending back to master node
Assigning row 615 to rank 1
[rank 1] waiting for either a new task or completion
[rank 1] computing row 615
[rank 1] is sending back to master node
Assigning row 618 to rank 1
[rank 1] waiting for either a new task or completion
[rank 1] computing row 618
[rank 1] is sending back to master node
Assigning row 621 to rank 1
[rank 1] waiting for either a new task or completion
[rank 1] computing row 621
[rank 1] is sending back to master node
[rank 1] waiting for either a new task or completion
[rank 1] computing row 623
Assigning row 623 to rank 1
[rank 1] is sending back to master node
Assigning row 625 to rank 1
[rank 1] waiting for either a new task or completion
[rank 1] computing row 625
[rank 1] is sending back to master node
Assigning row 627 to rank 1
[rank 1] waiting for either a new task or completion
[rank 1] computing row 627
[rank 1] is sending back to master node
[rank 1] waiting for either a new task or completion
[rank 1] computing row 629
Assigning row 629 to rank 1
[rank 1] is sending back to master node
Assigning row 631 to rank 1
[rank 1] waiting for either a new task or completion
[rank 1] computing row 631
[rank 1] is sending back to master node
Assigning row 634 to rank 1
[rank 1] waiting for either a new task or completion
[rank 1] computing row 634
[rank 1] is sending back to master node
Assigning row 637 to rank 1
[rank 1] waiting for either a new task or completion
[rank 1] computing row 637
[rank 1] is sending back to master node
[rank 1] waiting for either a new task or completion
[rank 1] computing row 640
Assigning row 640 to rank 1
[rank 1] is sending back to master node
[rank 1] waiting for either a new task or completion
[rank 1] computing row 643
Assigning row 643 to rank 1
[rank 1] is sending back to master node
Assigning row 645 to rank 1
[rank 1] waiting for either a new task or completion
[rank 1] computing row 645
[rank 1] is sending back to master node
Assigning row 648 to rank 1
[rank 1] waiting for either a new task or completion
[rank 1] computing row 648
[rank 1] is sending back to master node
[rank 1] waiting for either a new task or completion
[rank 1] computing row 651
Assigning row 651 to rank 1
[rank 1] is sending back to master node
Assigning row 653 to rank 1
[rank 1] waiting for either a new task or completion
[rank 1] computing row 653
[rank 1] is sending back to master node
[rank 1] waiting for either a new task or completion
[rank 1] computing row 655
Assigning row 655 to rank 1
[rank 1] is sending back to master node
Assigning row 657 to rank 1
[rank 1] waiting for either a new task or completion
[rank 1] computing row 657
[rank 1] is sending back to master node
Assigning row 660 to rank 1
[rank 1] waiting for either a new task or completion
[rank 1] computing row 660
[rank 1] is sending back to master node
[rank 1] waiting for either a new task or completion
[rank 1] computing row 663
Assigning row 663 to rank 1
[rank 1] is sending back to master node
[rank 1] waiting for either a new task or completion
[rank 1] computing row 666
Assigning row 666 to rank 1
[rank 1] is sending back to master node
Assigning row 669 to rank 1
[rank 1] waiting for either a new task or completion
[rank 1] computing row 669
[rank 1] is sending back to master node
Assigning row 672 to rank 1
[rank 1] waiting for either a new task or completion
[rank 1] computing row 672
[rank 1] is sending back to master node
Assigning row 675 to rank 1
[rank 1] waiting for either a new task or completion
[rank 1] computing row 675
[rank 1] is sending back to master node
Assigning row 678 to rank 1
[rank 1] waiting for either a new task or completion
[rank 1] computing row 678
[rank 1] is sending back to master node
[rank 1] waiting for either a new task or completion
[rank 1] computing row 681
Assigning row 681 to rank 1
[rank 1] is sending back to master node
Assigning row 683 to rank 1
[rank 1] waiting for either a new task or completion
[rank 1] computing row 683
[rank 1] is sending back to master node
[rank 1] waiting for either a new task or completion
[rank 1] computing row 685
Assigning row 685 to rank 1
[rank 1] is sending back to master node
[rank 1] waiting for either a new task or completion
[rank 1] computing row 688
Assigning row 688 to rank 1
[rank 1] is sending back to master node
[rank 1] waiting for either a new task or completion
[rank 1] computing row 690
Assigning row 690 to rank 1
[rank 1] is sending back to master node
Assigning row 693 to rank 1
[rank 1] waiting for either a new task or completion
[rank 1] computing row 693
[rank 1] is sending back to master node
Assigning row 695 to rank 1
[rank 1] waiting for either a new task or completion
[rank 1] computing row 695
[rank 1] is sending back to master node
[rank 1] waiting for either a new task or completion
[rank 1] computing row 697
Assigning row 697 to rank 1
[rank 1] is sending back to master node
[rank 1] waiting for either a new task or completion
[rank 1] computing row 700
Assigning row 700 to rank 1
[rank 1] is sending back to master node
Assigning row 703 to rank 1
[rank 1] waiting for either a new task or completion
[rank 1] computing row 703
[rank 1] is sending back to master node
Assigning row 706 to rank 1
[rank 1] waiting for either a new task or completion
[rank 1] computing row 706
[rank 1] is sending back to master node
Assigning row 709 to rank 1
[rank 1] waiting for either a new task or completion
[rank 1] computing row 709
[rank 1] is sending back to master node
Assigning row 712 to rank 1
[rank 1] waiting for either a new task or completion
[rank 1] computing row 712
[rank 1] is sending back to master node
Assigning row 715 to rank 1
[rank 1] waiting for either a new task or completion
[rank 1] computing row 715
[rank 1] is sending back to master node
Assigning row 718 to rank 1
[rank 1] waiting for either a new task or completion
[rank 1] computing row 718
[rank 1] is sending back to master node
Assigning row 721 to rank 1
[rank 1] waiting for either a new task or completion
[rank 1] computing row 721
[rank 1] is sending back to master node
[rank 1] waiting for either a new task or completion
[rank 1] computing row 724
Assigning row 724 to rank 1
[rank 1] is sending back to master node
[rank 1] waiting for either a new task or completion
[rank 1] computing row 727
Assigning row 727 to rank 1
[rank 1] is sending back to master node
[rank 1] waiting for either a new task or completion
[rank 1] computing row 730
Assigning row 730 to rank 1
[rank 1] is sending back to master node
Assigning row 733 to rank 1
[rank 1] waiting for either a new task or completion
[rank 1] computing row 733
[rank 1] is sending back to master node
[rank 1] waiting for either a new task or completion
[rank 1] computing row 736
Assigning row 736 to rank 1
[rank 1] is sending back to master node
Assigning row 738 to rank 1
[rank 1] waiting for either a new task or completion
[rank 1] computing row 738
[rank 1] is sending back to master node
Assigning row 740 to rank 1
[rank 1] waiting for either a new task or completion
[rank 1] computing row 740
[rank 1] is sending back to master node
Assigning row 742 to rank 1
[rank 1] waiting for either a new task or completion
[rank 1] computing row 742
[rank 1] is sending back to master node
Assigning row 744 to rank 1
[rank 1] waiting for either a new task or completion
[rank 1] computing row 744
[rank 1] is sending back to master node
Assigning row 746 to rank 1
[rank 1] waiting for either a new task or completion
[rank 1] computing row 746
[rank 1] is sending back to master node
Assigning row 748 to rank 1
[rank 1] waiting for either a new task or completion
[rank 1] computing row 748
[rank 1] is sending back to master node
Assigning row 750 to rank 1
[rank 1] waiting for either a new task or completion
[rank 1] computing row 750
[rank 1] is sending back to master node
[rank 1] waiting for either a new task or completion
[rank 1] computing row 752
Assigning row 752 to rank 1
[rank 1] is sending back to master node
[rank 1] waiting for either a new task or completion
[rank 1] computing row 754
Assigning row 754 to rank 1
[rank 1] is sending back to master node
Assigning row 756 to rank 1
[rank 1] waiting for either a new task or completion
[rank 1] computing row 756
[rank 1] is sending back to master node
Assigning row 758 to rank 1
[rank 1] waiting for either a new task or completion
[rank 1] computing row 758
[rank 1] is sending back to master node
Assigning row 760 to rank 1
[rank 1] waiting for either a new task or completion
[rank 1] computing row 760
[rank 1] is sending back to master node
Assigning row 763 to rank 1
[rank 1] waiting for either a new task or completion
[rank 1] computing row 763
[rank 1] is sending back to master node
[rank 1] waiting for either a new task or completion
[rank 1] computing row 765
Assigning row 765 to rank 1
[rank 1] is sending back to master node
[rank 1] waiting for either a new task or completion
[rank 1] computing row 767
Assigning row 767 to rank 1
[rank 1] is sending back to master node
Assigning row 770 to rank 1
[rank 1] waiting for either a new task or completion
[rank 1] computing row 770
[rank 1] is sending back to master node
Assigning row 773 to rank 1
[rank 1] waiting for either a new task or completion
[rank 1] computing row 773
[rank 1] is sending back to master node
Assigning row 775 to rank 1
[rank 1] waiting for either a new task or completion
[rank 1] computing row 775
Assigning row 777 to rank 1
[rank 1] is sending back to master node
[rank 1] waiting for either a new task or completion
[rank 1] computing row 777
[rank 1] is sending back to master node
Assigning row 779 to rank 1
[rank 1] waiting for either a new task or completion
[rank 1] computing row 779
[rank 1] is sending back to master node
[rank 1] waiting for either a new task or completion
[rank 1] computing row 782
Assigning row 782 to rank 1
[rank 1] is sending back to master node
Assigning row 785 to rank 1
[rank 1] waiting for either a new task or completion
[rank 1] computing row 785
[rank 1] is sending back to master node
Assigning row 787 to rank 1
[rank 1] waiting for either a new task or completion
[rank 1] computing row 787
[rank 1] is sending back to master node
[rank 1] waiting for either a new task or completion
[rank 1] computing row 790
Assigning row 790 to rank 1
Assigning row 792 to rank 1
[rank 1] is sending back to master node
[rank 1] waiting for either a new task or completion
[rank 1] computing row 792
[rank 1] is sending back to master node
Assigning row 795 to rank 1
[rank 1] waiting for either a new task or completion
[rank 1] computing row 795
[rank 1] is sending back to master node
Assigning row 798 to rank 1
[rank 1] waiting for either a new task or completion
[rank 1] computing row 798
[rank 1] is sending back to master node
Assigning row 801 to rank 1
[rank 1] waiting for either a new task or completion
[rank 1] computing row 801
[rank 1] is sending back to master node
[rank 1] waiting for either a new task or completion
[rank 1] computing row 803
Assigning row 803 to rank 1
[rank 1] is sending back to master node
[rank 1] waiting for either a new task or completion
[rank 1] computing row 805
Assigning row 805 to rank 1
[rank 1] is sending back to master node
[rank 1] waiting for either a new task or completion
[rank 1] computing row 808
Assigning row 808 to rank 1
[rank 1] is sending back to master node
Assigning row 810 to rank 1
[rank 1] waiting for either a new task or completion
[rank 1] computing row 810
[rank 1] is sending back to master node
[rank 1] waiting for either a new task or completion
[rank 1] computing row 812
Assigning row 812 to rank 1
[rank 1] is sending back to master node
[rank 1] waiting for either a new task or completion
[rank 1] computing row 815
Assigning row 815 to rank 1
[rank 1] is sending back to master node
[rank 1] waiting for either a new task or completion
[rank 1] computing row 819
Assigning row 819 to rank 1
[rank 1] is sending back to master node
[rank 1] waiting for either a new task or completion
[rank 1] computing row 829
Assigning row 829 to rank 1
[rank 1] is sending back to master node
Assigning row 831 to rank 1
[rank 1] waiting for either a new task or completion
[rank 1] computing row 831
[rank 1] is sending back to master node
Assigning row 834 to rank 1
[rank 1] waiting for either a new task or completion
[rank 1] computing row 834
[rank 1] is sending back to master node
Assigning row 837 to rank 1
[rank 1] waiting for either a new task or completion
[rank 1] computing row 837
[rank 1] is sending back to master node
Assigning row 840 to rank 1
[rank 1] waiting for either a new task or completion
[rank 1] computing row 840
[rank 1] is sending back to master node
Assigning row 843 to rank 1
[rank 1] waiting for either a new task or completion
[rank 1] computing row 843
[rank 1] is sending back to master node
Assigning row 846 to rank 1
[rank 1] waiting for either a new task or completion
[rank 1] computing row 846
[rank 1] is sending back to master node
Assigning row 849 to rank 1
[rank 1] waiting for either a new task or completion
[rank 1] computing row 849
[rank 1] is sending back to master node
[rank 1] waiting for either a new task or completion
[rank 1] computing row 852
Assigning row 852 to rank 1
[rank 1] is sending back to master node
[rank 1] waiting for either a new task or completion
[rank 1] computing row 855
Assigning row 855 to rank 1
[rank 1] is sending back to master node
[rank 1] waiting for either a new task or completion
[rank 1] computing row 858
Assigning row 858 to rank 1
[rank 1] is sending back to master node
Assigning row 861 to rank 1
[rank 1] waiting for either a new task or completion
[rank 1] computing row 861
[rank 1] is sending back to master node
Assigning row 864 to rank 1
[rank 1] waiting for either a new task or completion
[rank 1] computing row 864
[rank 1] is sending back to master node
[rank 1] waiting for either a new task or completion
[rank 1] computing row 867
Assigning row 867 to rank 1
Assigning row 869 to rank 1
[rank 1] is sending back to master node
[rank 1] waiting for either a new task or completion
[rank 1] computing row 869
[rank 1] is sending back to master node
Assigning row 880 to rank 1
[rank 1] waiting for either a new task or completion
[rank 1] computing row 880
[rank 1] is sending back to master node
Assigning row 883 to rank 1
[rank 1] waiting for either a new task or completion
[rank 1] computing row 883
[rank 1] is sending back to master node
[rank 1] waiting for either a new task or completion
[rank 1] computing row 886
Assigning row 886 to rank 1
[rank 1] is sending back to master node
[rank 1] waiting for either a new task or completion
[rank 1] computing row 889
Assigning row 889 to rank 1
[rank 1] is sending back to master node
Assigning row 892 to rank 1
[rank 1] waiting for either a new task or completion
[rank 1] computing row 892
[rank 1] is sending back to master node
[rank 1] waiting for either a new task or completion
[rank 1] computing row 895
Assigning row 895 to rank 1
[rank 1] is sending back to master node
Assigning row 898 to rank 1
[rank 1] waiting for either a new task or completion
[rank 1] computing row 898
[rank 1] is sending back to master node
Assigning row 901 to rank 1
[rank 1] waiting for either a new task or completion
[rank 1] computing row 901
[rank 1] is sending back to master node
Assigning row 904 to rank 1
[rank 1] waiting for either a new task or completion
[rank 1] computing row 904
[rank 1] is sending back to master node
Assigning row 907 to rank 1
[rank 1] waiting for either a new task or completion
[rank 1] computing row 907
[rank 1] is sending back to master node
Assigning row 910 to rank 1
[rank 1] waiting for either a new task or completion
[rank 1] computing row 910
Assigning row 912 to rank 1
[rank 1] is sending back to master node
[rank 1] waiting for either a new task or completion
[rank 1] computing row 912
[rank 1] is sending back to master node
Assigning row 915 to rank 1
[rank 1] waiting for either a new task or completion
[rank 1] computing row 915
Assigning row 917 to rank 1
[rank 1] is sending back to master node
[rank 1] waiting for either a new task or completion
[rank 1] computing row 917
[rank 1] is sending back to master node
Assigning row 920 to rank 1
[rank 1] waiting for either a new task or completion
[rank 1] computing row 920
[rank 1] is sending back to master node
[rank 1] waiting for either a new task or completion
[rank 1] computing row 923
Assigning row 923 to rank 1
[rank 1] is sending back to master node
[rank 1] waiting for either a new task or completion
[rank 1] computing row 925
Assigning row 925 to rank 1
[rank 1] is sending back to master node
Assigning row 928 to rank 1
[rank 1] waiting for either a new task or completion
[rank 1] computing row 928
Assigning row 930 to rank 1
[rank 1] is sending back to master node
[rank 1] waiting for either a new task or completion
[rank 1] computing row 930
[rank 1] is sending back to master node
Assigning row 933 to rank 1
[rank 1] waiting for either a new task or completion
[rank 1] computing row 933
[rank 1] is sending back to master node
Assigning row 936 to rank 1
[rank 1] waiting for either a new task or completion
[rank 1] computing row 936
[rank 1] is sending back to master node
Assigning row 939 to rank 1
[rank 1] waiting for either a new task or completion
[rank 1] computing row 939
[rank 1] is sending back to master node
Assigning row 942 to rank 1
[rank 1] waiting for either a new task or completion
[rank 1] computing row 942
[rank 1] is sending back to master node
[rank 1] waiting for either a new task or completion
[rank 1] computing row 944
Assigning row 944 to rank 1
[rank 1] is sending back to master node
Assigning row 947 to rank 1
[rank 1] waiting for either a new task or completion
[rank 1] computing row 947
[rank 1] is sending back to master node
[rank 1] waiting for either a new task or completion
Assigning row 949 to rank 1
[rank 1] computing row 949
[rank 1] is sending back to master node
[rank 1] waiting for either a new task or completion
[rank 1] computing row 952
Assigning row 952 to rank 1
[rank 1] is sending back to master node
[rank 1] waiting for either a new task or completion
[rank 1] computing row 954
Assigning row 954 to rank 1
[rank 1] is sending back to master node
[rank 1] waiting for either a new task or completion
[rank 1] computing row 956
Assigning row 956 to rank 1
[rank 1] is sending back to master node
[rank 1] waiting for either a new task or completion
[rank 1] computing row 958
Assigning row 958 to rank 1
[rank 1] is sending back to master node
Assigning row 961 to rank 1
[rank 1] waiting for either a new task or completion
[rank 1] computing row 961
[rank 1] is sending back to master node
[rank 1] waiting for either a new task or completion
[rank 1] computing row 963
Assigning row 963 to rank 1
[rank 1] is sending back to master node
[rank 1] waiting for either a new task or completion
[rank 1] computing row 966
Assigning row 966 to rank 1
Assigning row 968 to rank 1
[rank 1] is sending back to master node
[rank 1] waiting for either a new task or completion
[rank 1] computing row 968
Assigning row 970 to rank 1
[rank 1] is sending back to master node
[rank 1] waiting for either a new task or completion
[rank 1] computing row 970
Assigning row 972 to rank 1
[rank 1] is sending back to master node
[rank 1] waiting for either a new task or completion
[rank 1] computing row 972
[rank 1] is sending back to master node
Assigning row 975 to rank 1
[rank 1] waiting for either a new task or completion
[rank 1] computing row 975
[rank 1] is sending back to master node
Assigning row 978 to rank 1
[rank 1] waiting for either a new task or completion
[rank 1] computing row 978
[rank 1] is sending back to master node
Assigning row 981 to rank 1
[rank 1] waiting for either a new task or completion
[rank 1] computing row 981
[rank 1] is sending back to master node
Assigning row 984 to rank 1
[rank 1] waiting for either a new task or completion
[rank 1] computing row 984
[rank 1] is sending back to master node
[rank 1] waiting for either a new task or completion
[rank 1] computing row 987
Assigning row 987 to rank 1
[rank 1] is sending back to master node
Assigning row 990 to rank 1
[rank 1] waiting for either a new task or completion
[rank 1] computing row 990
[rank 1] is sending back to master node
[rank 1] waiting for either a new task or completion
[rank 1] computing row 993
Assigning row 993 to rank 1
[rank 1] is sending back to master node
Assigning row 996 to rank 1
[rank 1] waiting for either a new task or completion
[rank 1] computing row 996
[rank 1] is sending back to master node
Assigning row 999 to rank 1
[rank 1] waiting for either a new task or completion
[rank 1] computing row 999
[rank 1] is sending back to master node
Assigning row 1002 to rank 1
[rank 1] waiting for either a new task or completion
[rank 1] computing row 1002
[rank 1] is sending back to master node
Assigning row 1005 to rank 1
[rank 1] waiting for either a new task or completion
[rank 1] computing row 1005
[rank 1] is sending back to master node
[rank 1] waiting for either a new task or completion
[rank 1] computing row 1008
Assigning row 1008 to rank 1
[rank 1] is sending back to master node
[rank 1] waiting for either a new task or completion
[rank 1] computing row 1010
Assigning row 1010 to rank 1
[rank 1] is sending back to master node
[rank 1] waiting for either a new task or completion
[rank 1] computing row 1012
Assigning row 1012 to rank 1
[rank 1] is sending back to master node
[rank 1] waiting for either a new task or completion
[rank 1] computing row 1015
Assigning row 1015 to rank 1
[rank 1] is sending back to master node
Assigning row 1018 to rank 1
[rank 1] waiting for either a new task or completion
[rank 1] computing row 1018
[rank 1] is sending back to master node
[rank 1] waiting for either a new task or completion
[rank 1] computing row 1020
Assigning row 1020 to rank 1
[rank 1] is sending back to master node
Assigning row 1023 to rank 1
[rank 1] waiting for either a new task or completion
[rank 1] computing row 1023
[rank 1] is sending back to master node
Assigning row 1026 to rank 1
[rank 1] waiting for either a new task or completion
[rank 1] computing row 1026
[rank 1] is sending back to master node
[rank 1] waiting for either a new task or completion
[rank 1] all done, terminated
[rank 1] cpu time: 89.723653 seconds
All done
[rank 0] cpu time: 89.590679 seconds
