DIR is /orfeo/cephfs/home/dssc/bloletti/Exercises/UniTS_HPC-final/exercise_1
--------------------------------------------------------------------------
WARNING: Open MPI tried to bind a process but failed.  This is a
warning only; your job will continue.

  Local host:        fat001
  Application name:  ../../osu-micro-benchmarks-7.3/c/mpi/pt2pt/standard/osu_latency
  Error message:     hwloc_set_cpubind returned "Error" for bitmap "0,8"
  Location:          rtc_hwloc.c:387
--------------------------------------------------------------------------
[fat001.hpc.rd.areasciencepark.it:303376] 1 more process has sent help message help-orte-odls-default.txt / not bound
[fat001.hpc.rd.areasciencepark.it:303376] Set MCA parameter "orte_base_help_aggregate" to 0 to see all help / error messages
--------------------------------------------------------------------------
WARNING: Open MPI tried to bind a process but failed.  This is a
warning only; your job will continue.

  Local host:        fat001
  Application name:  ../../osu-micro-benchmarks-7.3/c/mpi/pt2pt/standard/osu_latency
  Error message:     hwloc_set_cpubind returned "Error" for bitmap "0,16"
  Location:          rtc_hwloc.c:387
--------------------------------------------------------------------------
[fat001.hpc.rd.areasciencepark.it:303428] 1 more process has sent help message help-orte-odls-default.txt / not bound
[fat001.hpc.rd.areasciencepark.it:303428] Set MCA parameter "orte_base_help_aggregate" to 0 to see all help / error messages
--------------------------------------------------------------------------
WARNING: Open MPI tried to bind a process but failed.  This is a
warning only; your job will continue.

  Local host:        fat001
  Application name:  ../../osu-micro-benchmarks-7.3/c/mpi/pt2pt/standard/osu_latency
  Error message:     hwloc_set_cpubind returned "Error" for bitmap "0,24"
  Location:          rtc_hwloc.c:387
--------------------------------------------------------------------------
[fat001.hpc.rd.areasciencepark.it:303477] 1 more process has sent help message help-orte-odls-default.txt / not bound
[fat001.hpc.rd.areasciencepark.it:303477] Set MCA parameter "orte_base_help_aggregate" to 0 to see all help / error messages
--------------------------------------------------------------------------
WARNING: Open MPI tried to bind a process but failed.  This is a
warning only; your job will continue.

  Local host:        fat001
  Application name:  ../../osu-micro-benchmarks-7.3/c/mpi/pt2pt/standard/osu_latency
  Error message:     hwloc_set_cpubind returned "Error" for bitmap "0,32"
  Location:          rtc_hwloc.c:387
--------------------------------------------------------------------------
[fat001.hpc.rd.areasciencepark.it:303526] 1 more process has sent help message help-orte-odls-default.txt / not bound
[fat001.hpc.rd.areasciencepark.it:303526] Set MCA parameter "orte_base_help_aggregate" to 0 to see all help / error messages
--------------------------------------------------------------------------
WARNING: Open MPI tried to bind a process but failed.  This is a
warning only; your job will continue.

  Local host:        fat001
  Application name:  ../../osu-micro-benchmarks-7.3/c/mpi/pt2pt/standard/osu_latency
  Error message:     hwloc_set_cpubind returned "Error" for bitmap "0,6"
  Location:          rtc_hwloc.c:387
--------------------------------------------------------------------------
[fat001.hpc.rd.areasciencepark.it:303578] 1 more process has sent help message help-orte-odls-default.txt / not bound
[fat001.hpc.rd.areasciencepark.it:303578] Set MCA parameter "orte_base_help_aggregate" to 0 to see all help / error messages
--------------------------------------------------------------------------
WARNING: Open MPI tried to bind a process but failed.  This is a
warning only; your job will continue.

  Local host:        fat001
  Application name:  ../../osu-micro-benchmarks-7.3/c/mpi/pt2pt/standard/osu_latency
  Error message:     hwloc_set_cpubind returned "Error" for bitmap "0,14"
  Location:          rtc_hwloc.c:387
--------------------------------------------------------------------------
[fat001.hpc.rd.areasciencepark.it:303627] 1 more process has sent help message help-orte-odls-default.txt / not bound
[fat001.hpc.rd.areasciencepark.it:303627] Set MCA parameter "orte_base_help_aggregate" to 0 to see all help / error messages
--------------------------------------------------------------------------
WARNING: Open MPI tried to bind a process but failed.  This is a
warning only; your job will continue.

  Local host:        fat001
  Application name:  ../../osu-micro-benchmarks-7.3/c/mpi/pt2pt/standard/osu_latency
  Error message:     hwloc_set_cpubind returned "Error" for bitmap "0,22"
  Location:          rtc_hwloc.c:387
--------------------------------------------------------------------------
[fat001.hpc.rd.areasciencepark.it:303673] 1 more process has sent help message help-orte-odls-default.txt / not bound
[fat001.hpc.rd.areasciencepark.it:303673] Set MCA parameter "orte_base_help_aggregate" to 0 to see all help / error messages
--------------------------------------------------------------------------
WARNING: Open MPI tried to bind a process but failed.  This is a
warning only; your job will continue.

  Local host:        fat001
  Application name:  ../../osu-micro-benchmarks-7.3/c/mpi/pt2pt/standard/osu_latency
  Error message:     hwloc_set_cpubind returned "Error" for bitmap "0,30"
  Location:          rtc_hwloc.c:387
--------------------------------------------------------------------------
[fat001.hpc.rd.areasciencepark.it:303721] 1 more process has sent help message help-orte-odls-default.txt / not bound
[fat001.hpc.rd.areasciencepark.it:303721] Set MCA parameter "orte_base_help_aggregate" to 0 to see all help / error messages
--------------------------------------------------------------------------
WARNING: Open MPI tried to bind a process but failed.  This is a
warning only; your job will continue.

  Local host:        fat001
  Application name:  ../../osu-micro-benchmarks-7.3/c/mpi/pt2pt/standard/osu_latency
  Error message:     hwloc_set_cpubind returned "Error" for bitmap "0-1"
  Location:          rtc_hwloc.c:387
--------------------------------------------------------------------------
[fat001.hpc.rd.areasciencepark.it:303770] 1 more process has sent help message help-orte-odls-default.txt / not bound
[fat001.hpc.rd.areasciencepark.it:303770] Set MCA parameter "orte_base_help_aggregate" to 0 to see all help / error messages
--------------------------------------------------------------------------
WARNING: Open MPI tried to bind a process but failed.  This is a
warning only; your job will continue.

  Local host:        fat001
  Application name:  ../../osu-micro-benchmarks-7.3/c/mpi/pt2pt/standard/osu_latency
  Error message:     hwloc_set_cpubind returned "Error" for bitmap "0,9"
  Location:          rtc_hwloc.c:387
--------------------------------------------------------------------------
[fat001.hpc.rd.areasciencepark.it:303817] 1 more process has sent help message help-orte-odls-default.txt / not bound
[fat001.hpc.rd.areasciencepark.it:303817] Set MCA parameter "orte_base_help_aggregate" to 0 to see all help / error messages
--------------------------------------------------------------------------
WARNING: Open MPI tried to bind a process but failed.  This is a
warning only; your job will continue.

  Local host:        fat001
  Application name:  ../../osu-micro-benchmarks-7.3/c/mpi/pt2pt/standard/osu_latency
  Error message:     hwloc_set_cpubind returned "Error" for bitmap "0,17"
  Location:          rtc_hwloc.c:387
--------------------------------------------------------------------------
[fat001.hpc.rd.areasciencepark.it:303871] 1 more process has sent help message help-orte-odls-default.txt / not bound
[fat001.hpc.rd.areasciencepark.it:303871] Set MCA parameter "orte_base_help_aggregate" to 0 to see all help / error messages
--------------------------------------------------------------------------
WARNING: Open MPI tried to bind a process but failed.  This is a
warning only; your job will continue.

  Local host:        fat001
  Application name:  ../../osu-micro-benchmarks-7.3/c/mpi/pt2pt/standard/osu_latency
  Error message:     hwloc_set_cpubind returned "Error" for bitmap "0,25"
  Location:          rtc_hwloc.c:387
--------------------------------------------------------------------------
[fat001.hpc.rd.areasciencepark.it:303916] 1 more process has sent help message help-orte-odls-default.txt / not bound
[fat001.hpc.rd.areasciencepark.it:303916] Set MCA parameter "orte_base_help_aggregate" to 0 to see all help / error messages
