--------------------------------------------------------------------------
mpirun was unable to launch the specified application as it could not access
or execute an executable:

Executable: /u/dssc/arusso/osu-micro-benchmarks-7.3/c/mpi/pt2pt/standard/osu_latency
Node: thin002

while attempting to start process rank 0.
--------------------------------------------------------------------------
--------------------------------------------------------------------------
mpirun was unable to launch the specified application as it could not access
or execute an executable:

Executable: /u/dssc/arusso/osu-micro-benchmarks-7.3/c/mpi/pt2pt/standard/osu_latency
Node: thin002

while attempting to start process rank 0.
--------------------------------------------------------------------------
--------------------------------------------------------------------------
mpirun was unable to launch the specified application as it could not access
or execute an executable:

Executable: /u/dssc/arusso/osu-micro-benchmarks-7.3/c/mpi/pt2pt/standard/osu_latency
Node: thin002

while attempting to start process rank 0.
--------------------------------------------------------------------------
--------------------------------------------------------------------------
mpirun was unable to launch the specified application as it could not access
or execute an executable:

Executable: /u/dssc/arusso/osu-micro-benchmarks-7.3/c/mpi/pt2pt/standard/osu_latency
Node: thin002

while attempting to start process rank 0.
--------------------------------------------------------------------------
--------------------------------------------------------------------------
mpirun was unable to launch the specified application as it could not access
or execute an executable:

Executable: /u/dssc/arusso/osu-micro-benchmarks-7.3/c/mpi/pt2pt/standard/osu_latency
Node: thin002

while attempting to start process rank 0.
--------------------------------------------------------------------------
--------------------------------------------------------------------------
mpirun was unable to launch the specified application as it could not access
or execute an executable:

Executable: /u/dssc/arusso/osu-micro-benchmarks-7.3/c/mpi/pt2pt/standard/osu_latency
Node: thin002

while attempting to start process rank 0.
--------------------------------------------------------------------------
--------------------------------------------------------------------------
mpirun was unable to launch the specified application as it could not access
or execute an executable:

Executable: /u/dssc/arusso/osu-micro-benchmarks-7.3/c/mpi/pt2pt/standard/osu_latency
Node: thin002

while attempting to start process rank 0.
--------------------------------------------------------------------------
--------------------------------------------------------------------------
mpirun was unable to launch the specified application as it could not access
or execute an executable:

Executable: /u/dssc/arusso/osu-micro-benchmarks-7.3/c/mpi/pt2pt/standard/osu_latency
Node: thin002

while attempting to start process rank 0.
--------------------------------------------------------------------------
--------------------------------------------------------------------------
mpirun was unable to launch the specified application as it could not access
or execute an executable:

Executable: /u/dssc/arusso/osu-micro-benchmarks-7.3/c/mpi/pt2pt/standard/osu_latency
Node: thin002

while attempting to start process rank 0.
--------------------------------------------------------------------------
--------------------------------------------------------------------------
mpirun was unable to launch the specified application as it could not access
or execute an executable:

Executable: /u/dssc/arusso/osu-micro-benchmarks-7.3/c/mpi/pt2pt/standard/osu_latency
Node: thin002

while attempting to start process rank 0.
--------------------------------------------------------------------------
--------------------------------------------------------------------------
mpirun was unable to launch the specified application as it could not access
or execute an executable:

Executable: /u/dssc/arusso/osu-micro-benchmarks-7.3/c/mpi/pt2pt/standard/osu_latency
Node: thin002

while attempting to start process rank 0.
--------------------------------------------------------------------------
--------------------------------------------------------------------------
mpirun was unable to launch the specified application as it could not access
or execute an executable:

Executable: /u/dssc/arusso/osu-micro-benchmarks-7.3/c/mpi/pt2pt/standard/osu_latency
Node: thin002

while attempting to start process rank 0.
--------------------------------------------------------------------------
--------------------------------------------------------------------------
mpirun was unable to launch the specified application as it could not access
or execute an executable:

Executable: /u/dssc/arusso/osu-micro-benchmarks-7.3/c/mpi/pt2pt/standard/osu_latency
Node: thin002

while attempting to start process rank 0.
--------------------------------------------------------------------------
--------------------------------------------------------------------------
mpirun was unable to launch the specified application as it could not access
or execute an executable:

Executable: /u/dssc/arusso/osu-micro-benchmarks-7.3/c/mpi/pt2pt/standard/osu_latency
Node: thin002

while attempting to start process rank 0.
--------------------------------------------------------------------------
--------------------------------------------------------------------------
mpirun was unable to launch the specified application as it could not access
or execute an executable:

Executable: /u/dssc/arusso/osu-micro-benchmarks-7.3/c/mpi/pt2pt/standard/osu_latency
Node: thin002

while attempting to start process rank 0.
--------------------------------------------------------------------------
--------------------------------------------------------------------------
mpirun was unable to launch the specified application as it could not access
or execute an executable:

Executable: /u/dssc/arusso/osu-micro-benchmarks-7.3/c/mpi/pt2pt/standard/osu_latency
Node: thin002

while attempting to start process rank 0.
--------------------------------------------------------------------------
--------------------------------------------------------------------------
mpirun was unable to launch the specified application as it could not access
or execute an executable:

Executable: /u/dssc/arusso/osu-micro-benchmarks-7.3/c/mpi/pt2pt/standard/osu_latency
Node: thin002

while attempting to start process rank 0.
--------------------------------------------------------------------------
--------------------------------------------------------------------------
mpirun was unable to launch the specified application as it could not access
or execute an executable:

Executable: /u/dssc/arusso/osu-micro-benchmarks-7.3/c/mpi/pt2pt/standard/osu_latency
Node: thin002

while attempting to start process rank 0.
--------------------------------------------------------------------------
--------------------------------------------------------------------------
mpirun was unable to launch the specified application as it could not access
or execute an executable:

Executable: /u/dssc/arusso/osu-micro-benchmarks-7.3/c/mpi/pt2pt/standard/osu_latency
Node: thin002

while attempting to start process rank 0.
--------------------------------------------------------------------------
--------------------------------------------------------------------------
mpirun was unable to launch the specified application as it could not access
or execute an executable:

Executable: /u/dssc/arusso/osu-micro-benchmarks-7.3/c/mpi/pt2pt/standard/osu_latency
Node: thin002

while attempting to start process rank 0.
--------------------------------------------------------------------------
--------------------------------------------------------------------------
mpirun was unable to launch the specified application as it could not access
or execute an executable:

Executable: /u/dssc/arusso/osu-micro-benchmarks-7.3/c/mpi/pt2pt/standard/osu_latency
Node: thin002

while attempting to start process rank 0.
--------------------------------------------------------------------------
--------------------------------------------------------------------------
mpirun was unable to launch the specified application as it could not access
or execute an executable:

Executable: /u/dssc/arusso/osu-micro-benchmarks-7.3/c/mpi/pt2pt/standard/osu_latency
Node: thin002

while attempting to start process rank 0.
--------------------------------------------------------------------------
--------------------------------------------------------------------------
mpirun was unable to launch the specified application as it could not access
or execute an executable:

Executable: /u/dssc/arusso/osu-micro-benchmarks-7.3/c/mpi/pt2pt/standard/osu_latency
Node: thin002

while attempting to start process rank 0.
--------------------------------------------------------------------------
