DIR is /orfeo/cephfs/home/dssc/bloletti/Exercises/UniTS_HPC-final/exercise_1
--------------------------------------------------------------------------
WARNING: Open MPI tried to bind a process but failed.  This is a
warning only; your job will continue.

  Local host:        fat001
  Application name:  ../../osu-micro-benchmarks-7.3/c/mpi/pt2pt/standard/osu_latency
  Error message:     hwloc_set_cpubind returned "Error" for bitmap "0,8"
  Location:          rtc_hwloc.c:387
--------------------------------------------------------------------------
[fat001.hpc.rd.areasciencepark.it:303412] 1 more process has sent help message help-orte-odls-default.txt / not bound
[fat001.hpc.rd.areasciencepark.it:303412] Set MCA parameter "orte_base_help_aggregate" to 0 to see all help / error messages
--------------------------------------------------------------------------
WARNING: Open MPI tried to bind a process but failed.  This is a
warning only; your job will continue.

  Local host:        fat001
  Application name:  ../../osu-micro-benchmarks-7.3/c/mpi/pt2pt/standard/osu_latency
  Error message:     hwloc_set_cpubind returned "Error" for bitmap "0,16"
  Location:          rtc_hwloc.c:387
--------------------------------------------------------------------------
[fat001.hpc.rd.areasciencepark.it:303460] 1 more process has sent help message help-orte-odls-default.txt / not bound
[fat001.hpc.rd.areasciencepark.it:303460] Set MCA parameter "orte_base_help_aggregate" to 0 to see all help / error messages
--------------------------------------------------------------------------
WARNING: Open MPI tried to bind a process but failed.  This is a
warning only; your job will continue.

  Local host:        fat001
  Application name:  ../../osu-micro-benchmarks-7.3/c/mpi/pt2pt/standard/osu_latency
  Error message:     hwloc_set_cpubind returned "Error" for bitmap "0,24"
  Location:          rtc_hwloc.c:387
--------------------------------------------------------------------------
[fat001.hpc.rd.areasciencepark.it:303511] 1 more process has sent help message help-orte-odls-default.txt / not bound
[fat001.hpc.rd.areasciencepark.it:303511] Set MCA parameter "orte_base_help_aggregate" to 0 to see all help / error messages
--------------------------------------------------------------------------
WARNING: Open MPI tried to bind a process but failed.  This is a
warning only; your job will continue.

  Local host:        fat001
  Application name:  ../../osu-micro-benchmarks-7.3/c/mpi/pt2pt/standard/osu_latency
  Error message:     hwloc_set_cpubind returned "Error" for bitmap "0,32"
  Location:          rtc_hwloc.c:387
--------------------------------------------------------------------------
[fat001.hpc.rd.areasciencepark.it:303560] 1 more process has sent help message help-orte-odls-default.txt / not bound
[fat001.hpc.rd.areasciencepark.it:303560] Set MCA parameter "orte_base_help_aggregate" to 0 to see all help / error messages
--------------------------------------------------------------------------
WARNING: Open MPI tried to bind a process but failed.  This is a
warning only; your job will continue.

  Local host:        fat001
  Application name:  ../../osu-micro-benchmarks-7.3/c/mpi/pt2pt/standard/osu_latency
  Error message:     hwloc_set_cpubind returned "Error" for bitmap "0,6"
  Location:          rtc_hwloc.c:387
--------------------------------------------------------------------------
[fat001.hpc.rd.areasciencepark.it:303609] 1 more process has sent help message help-orte-odls-default.txt / not bound
[fat001.hpc.rd.areasciencepark.it:303609] Set MCA parameter "orte_base_help_aggregate" to 0 to see all help / error messages
--------------------------------------------------------------------------
WARNING: Open MPI tried to bind a process but failed.  This is a
warning only; your job will continue.

  Local host:        fat001
  Application name:  ../../osu-micro-benchmarks-7.3/c/mpi/pt2pt/standard/osu_latency
  Error message:     hwloc_set_cpubind returned "Error" for bitmap "0,14"
  Location:          rtc_hwloc.c:387
--------------------------------------------------------------------------
[fat001.hpc.rd.areasciencepark.it:303657] 1 more process has sent help message help-orte-odls-default.txt / not bound
[fat001.hpc.rd.areasciencepark.it:303657] Set MCA parameter "orte_base_help_aggregate" to 0 to see all help / error messages
--------------------------------------------------------------------------
WARNING: Open MPI tried to bind a process but failed.  This is a
warning only; your job will continue.

  Local host:        fat001
  Application name:  ../../osu-micro-benchmarks-7.3/c/mpi/pt2pt/standard/osu_latency
  Error message:     hwloc_set_cpubind returned "Error" for bitmap "0,22"
  Location:          rtc_hwloc.c:387
--------------------------------------------------------------------------
[fat001.hpc.rd.areasciencepark.it:303705] 1 more process has sent help message help-orte-odls-default.txt / not bound
[fat001.hpc.rd.areasciencepark.it:303705] Set MCA parameter "orte_base_help_aggregate" to 0 to see all help / error messages
--------------------------------------------------------------------------
WARNING: Open MPI tried to bind a process but failed.  This is a
warning only; your job will continue.

  Local host:        fat001
  Application name:  ../../osu-micro-benchmarks-7.3/c/mpi/pt2pt/standard/osu_latency
  Error message:     hwloc_set_cpubind returned "Error" for bitmap "0,30"
  Location:          rtc_hwloc.c:387
--------------------------------------------------------------------------
[fat001.hpc.rd.areasciencepark.it:303753] 1 more process has sent help message help-orte-odls-default.txt / not bound
[fat001.hpc.rd.areasciencepark.it:303753] Set MCA parameter "orte_base_help_aggregate" to 0 to see all help / error messages
--------------------------------------------------------------------------
WARNING: Open MPI tried to bind a process but failed.  This is a
warning only; your job will continue.

  Local host:        fat001
  Application name:  ../../osu-micro-benchmarks-7.3/c/mpi/pt2pt/standard/osu_latency
  Error message:     hwloc_set_cpubind returned "Error" for bitmap "0-1"
  Location:          rtc_hwloc.c:387
--------------------------------------------------------------------------
[fat001.hpc.rd.areasciencepark.it:303801] 1 more process has sent help message help-orte-odls-default.txt / not bound
[fat001.hpc.rd.areasciencepark.it:303801] Set MCA parameter "orte_base_help_aggregate" to 0 to see all help / error messages
--------------------------------------------------------------------------
WARNING: Open MPI tried to bind a process but failed.  This is a
warning only; your job will continue.

  Local host:        fat001
  Application name:  ../../osu-micro-benchmarks-7.3/c/mpi/pt2pt/standard/osu_latency
  Error message:     hwloc_set_cpubind returned "Error" for bitmap "0,9"
  Location:          rtc_hwloc.c:387
--------------------------------------------------------------------------
[fat001.hpc.rd.areasciencepark.it:303849] 1 more process has sent help message help-orte-odls-default.txt / not bound
[fat001.hpc.rd.areasciencepark.it:303849] Set MCA parameter "orte_base_help_aggregate" to 0 to see all help / error messages
--------------------------------------------------------------------------
WARNING: Open MPI tried to bind a process but failed.  This is a
warning only; your job will continue.

  Local host:        fat001
  Application name:  ../../osu-micro-benchmarks-7.3/c/mpi/pt2pt/standard/osu_latency
  Error message:     hwloc_set_cpubind returned "Error" for bitmap "0,17"
  Location:          rtc_hwloc.c:387
--------------------------------------------------------------------------
[fat001.hpc.rd.areasciencepark.it:303901] 1 more process has sent help message help-orte-odls-default.txt / not bound
[fat001.hpc.rd.areasciencepark.it:303901] Set MCA parameter "orte_base_help_aggregate" to 0 to see all help / error messages
