DIR is /orfeo/cephfs/home/dssc/bloletti/Exercises/UniTS_HPC-final/exercise_1
--------------------------------------------------------------------------
WARNING: Open MPI tried to bind a process but failed.  This is a
warning only; your job will continue.

  Local host:        fat001
  Application name:  ../../osu-micro-benchmarks-7.3/c/mpi/pt2pt/standard/osu_latency
  Error message:     hwloc_set_cpubind returned "Error" for bitmap "0,8"
  Location:          rtc_hwloc.c:387
--------------------------------------------------------------------------
[fat001.hpc.rd.areasciencepark.it:303375] 1 more process has sent help message help-orte-odls-default.txt / not bound
[fat001.hpc.rd.areasciencepark.it:303375] Set MCA parameter "orte_base_help_aggregate" to 0 to see all help / error messages
--------------------------------------------------------------------------
WARNING: Open MPI tried to bind a process but failed.  This is a
warning only; your job will continue.

  Local host:        fat001
  Application name:  ../../osu-micro-benchmarks-7.3/c/mpi/pt2pt/standard/osu_latency
  Error message:     hwloc_set_cpubind returned "Error" for bitmap "0,16"
  Location:          rtc_hwloc.c:387
--------------------------------------------------------------------------
[fat001.hpc.rd.areasciencepark.it:303429] 1 more process has sent help message help-orte-odls-default.txt / not bound
[fat001.hpc.rd.areasciencepark.it:303429] Set MCA parameter "orte_base_help_aggregate" to 0 to see all help / error messages
--------------------------------------------------------------------------
WARNING: Open MPI tried to bind a process but failed.  This is a
warning only; your job will continue.

  Local host:        fat001
  Application name:  ../../osu-micro-benchmarks-7.3/c/mpi/pt2pt/standard/osu_latency
  Error message:     hwloc_set_cpubind returned "Error" for bitmap "0,24"
  Location:          rtc_hwloc.c:387
--------------------------------------------------------------------------
[fat001.hpc.rd.areasciencepark.it:303476] 1 more process has sent help message help-orte-odls-default.txt / not bound
[fat001.hpc.rd.areasciencepark.it:303476] Set MCA parameter "orte_base_help_aggregate" to 0 to see all help / error messages
--------------------------------------------------------------------------
WARNING: Open MPI tried to bind a process but failed.  This is a
warning only; your job will continue.

  Local host:        fat001
  Application name:  ../../osu-micro-benchmarks-7.3/c/mpi/pt2pt/standard/osu_latency
  Error message:     hwloc_set_cpubind returned "Error" for bitmap "0,32"
  Location:          rtc_hwloc.c:387
--------------------------------------------------------------------------
[fat001.hpc.rd.areasciencepark.it:303528] 1 more process has sent help message help-orte-odls-default.txt / not bound
[fat001.hpc.rd.areasciencepark.it:303528] Set MCA parameter "orte_base_help_aggregate" to 0 to see all help / error messages
--------------------------------------------------------------------------
WARNING: Open MPI tried to bind a process but failed.  This is a
warning only; your job will continue.

  Local host:        fat001
  Application name:  ../../osu-micro-benchmarks-7.3/c/mpi/pt2pt/standard/osu_latency
  Error message:     hwloc_set_cpubind returned "Error" for bitmap "0,6"
  Location:          rtc_hwloc.c:387
--------------------------------------------------------------------------
[fat001.hpc.rd.areasciencepark.it:303576] 1 more process has sent help message help-orte-odls-default.txt / not bound
[fat001.hpc.rd.areasciencepark.it:303576] Set MCA parameter "orte_base_help_aggregate" to 0 to see all help / error messages
--------------------------------------------------------------------------
WARNING: Open MPI tried to bind a process but failed.  This is a
warning only; your job will continue.

  Local host:        fat001
  Application name:  ../../osu-micro-benchmarks-7.3/c/mpi/pt2pt/standard/osu_latency
  Error message:     hwloc_set_cpubind returned "Error" for bitmap "0,14"
  Location:          rtc_hwloc.c:387
--------------------------------------------------------------------------
[fat001.hpc.rd.areasciencepark.it:303625] 1 more process has sent help message help-orte-odls-default.txt / not bound
[fat001.hpc.rd.areasciencepark.it:303625] Set MCA parameter "orte_base_help_aggregate" to 0 to see all help / error messages
--------------------------------------------------------------------------
WARNING: Open MPI tried to bind a process but failed.  This is a
warning only; your job will continue.

  Local host:        fat001
  Application name:  ../../osu-micro-benchmarks-7.3/c/mpi/pt2pt/standard/osu_latency
  Error message:     hwloc_set_cpubind returned "Error" for bitmap "0,22"
  Location:          rtc_hwloc.c:387
--------------------------------------------------------------------------
[fat001.hpc.rd.areasciencepark.it:303675] 1 more process has sent help message help-orte-odls-default.txt / not bound
[fat001.hpc.rd.areasciencepark.it:303675] Set MCA parameter "orte_base_help_aggregate" to 0 to see all help / error messages
--------------------------------------------------------------------------
WARNING: Open MPI tried to bind a process but failed.  This is a
warning only; your job will continue.

  Local host:        fat001
  Application name:  ../../osu-micro-benchmarks-7.3/c/mpi/pt2pt/standard/osu_latency
  Error message:     hwloc_set_cpubind returned "Error" for bitmap "0,30"
  Location:          rtc_hwloc.c:387
--------------------------------------------------------------------------
[fat001.hpc.rd.areasciencepark.it:303723] 1 more process has sent help message help-orte-odls-default.txt / not bound
[fat001.hpc.rd.areasciencepark.it:303723] Set MCA parameter "orte_base_help_aggregate" to 0 to see all help / error messages
--------------------------------------------------------------------------
WARNING: Open MPI tried to bind a process but failed.  This is a
warning only; your job will continue.

  Local host:        fat001
  Application name:  ../../osu-micro-benchmarks-7.3/c/mpi/pt2pt/standard/osu_latency
  Error message:     hwloc_set_cpubind returned "Error" for bitmap "0-1"
  Location:          rtc_hwloc.c:387
--------------------------------------------------------------------------
[fat001.hpc.rd.areasciencepark.it:303769] 1 more process has sent help message help-orte-odls-default.txt / not bound
[fat001.hpc.rd.areasciencepark.it:303769] Set MCA parameter "orte_base_help_aggregate" to 0 to see all help / error messages
--------------------------------------------------------------------------
WARNING: Open MPI tried to bind a process but failed.  This is a
warning only; your job will continue.

  Local host:        fat001
  Application name:  ../../osu-micro-benchmarks-7.3/c/mpi/pt2pt/standard/osu_latency
  Error message:     hwloc_set_cpubind returned "Error" for bitmap "0,9"
  Location:          rtc_hwloc.c:387
--------------------------------------------------------------------------
[fat001.hpc.rd.areasciencepark.it:303818] 1 more process has sent help message help-orte-odls-default.txt / not bound
[fat001.hpc.rd.areasciencepark.it:303818] Set MCA parameter "orte_base_help_aggregate" to 0 to see all help / error messages
--------------------------------------------------------------------------
WARNING: Open MPI tried to bind a process but failed.  This is a
warning only; your job will continue.

  Local host:        fat001
  Application name:  ../../osu-micro-benchmarks-7.3/c/mpi/pt2pt/standard/osu_latency
  Error message:     hwloc_set_cpubind returned "Error" for bitmap "0,17"
  Location:          rtc_hwloc.c:387
--------------------------------------------------------------------------
[fat001.hpc.rd.areasciencepark.it:303865] 1 more process has sent help message help-orte-odls-default.txt / not bound
[fat001.hpc.rd.areasciencepark.it:303865] Set MCA parameter "orte_base_help_aggregate" to 0 to see all help / error messages
--------------------------------------------------------------------------
WARNING: Open MPI tried to bind a process but failed.  This is a
warning only; your job will continue.

  Local host:        fat001
  Application name:  ../../osu-micro-benchmarks-7.3/c/mpi/pt2pt/standard/osu_latency
  Error message:     hwloc_set_cpubind returned "Error" for bitmap "0,25"
  Location:          rtc_hwloc.c:387
--------------------------------------------------------------------------
[fat001.hpc.rd.areasciencepark.it:303918] 1 more process has sent help message help-orte-odls-default.txt / not bound
[fat001.hpc.rd.areasciencepark.it:303918] Set MCA parameter "orte_base_help_aggregate" to 0 to see all help / error messages
